<?xml version="1.0" encoding="UTF-8"?>
<!-- Generated by org.testng.reporters.JUnitReportReporter -->
<testsuite hostname="TANMAY" failures="0" tests="1" name="TestClassKite.TestClass" time="0.006" errors="0" timestamp="2022-04-01T12:13:53 IST" skipped="0">
  <testcase classname="TestClassKite.TestClass" name="f" time="0.006"/>
  <system-out/>
</testsuite> <!-- TestClassKite.TestClass -->
